2019-02-28 10:53:41 DEBUG StandardEnvironment:110 - Adding PropertySource 'systemProperties' with lowest search precedence
2019-02-28 10:53:41 DEBUG StandardEnvironment:110 - Adding PropertySource 'systemEnvironment' with lowest search precedence
2019-02-28 10:53:41 DEBUG StandardEnvironment:126 - Initialized StandardEnvironment with PropertySources [MapPropertySource@715378067 {name='systemProperties', properties={sun.desktop=windows, awt.toolkit=sun.awt.windows.WToolkit, java.specification.version=10, file.encoding.pkg=sun.io, sun.cpu.isalist=amd64, sun.jnu.encoding=GBK, java.class.path=D:\spring-study\target\classes;D:\maven_j\org\springframework\spring-context\5.0.10.RELEASE\spring-context-5.0.10.RELEASE.jar;D:\maven_j\org\springframework\spring-aop\5.0.10.RELEASE\spring-aop-5.0.10.RELEASE.jar;D:\maven_j\org\springframework\spring-beans\5.0.10.RELEASE\spring-beans-5.0.10.RELEASE.jar;D:\maven_j\org\springframework\spring-core\5.0.10.RELEASE\spring-core-5.0.10.RELEASE.jar;D:\maven_j\org\springframework\spring-jcl\5.0.10.RELEASE\spring-jcl-5.0.10.RELEASE.jar;D:\maven_j\org\springframework\spring-expression\5.0.10.RELEASE\spring-expression-5.0.10.RELEASE.jar;D:\maven_j\org\projectlombok\lombok\1.16.18\lombok-1.16.18.jar;D:\maven_j\org\slf4j\slf4j-api\1.6.6\slf4j-api-1.6.6.jar;D:\maven_j\org\slf4j\slf4j-log4j12\1.6.6\slf4j-log4j12-1.6.6.jar;D:\maven_j\log4j\log4j\1.2.16\log4j-1.2.16.jar, java.vm.vendor="Oracle Corporation", sun.arch.data.model=64, user.variant=, java.vendor.url=http://java.oracle.com/, user.timezone=Asia/Shanghai, os.name=Windows 10, java.vm.specification.version=10, sun.java.launcher=SUN_STANDARD, user.country=CN, sun.boot.library.path=C:\Program Files\Java\jdk-10.0.2\bin, sun.java.command=com.spring.annotation.StudentApp, jdk.debug=release, sun.cpu.endian=little, user.home=C:\Users\ASUS, user.language=zh, java.specification.vendor=Oracle Corporation, java.version.date=2018-07-17, java.home=C:\Program Files\Java\jdk-10.0.2, file.separator=\, java.vm.compressedOopsMode=32-bit, line.separator=
, java.specification.name=Java Platform API Specification, java.vm.specification.vendor=Oracle Corporation, java.awt.graphicsenv=sun.awt.Win32GraphicsEnvironment, user.script=, sun.management.compiler=HotSpot 64-Bit Tiered Compilers, java.runtime.version=10.0.2+13, user.name=ASUS, path.separator=;, os.version=10.0, java.runtime.name=Java(TM) SE Runtime Environment, file.encoding=UTF-8, java.vm.name=Java HotSpot(TM) 64-Bit Server VM, java.vendor.version=18.3, java.vendor.url.bug=http://bugreport.java.com/bugreport/, java.io.tmpdir=C:\Users\ASUS\AppData\Local\Temp\, java.version=10.0.2, user.dir=D:\spring-study, os.arch=amd64, java.vm.specification.name=Java Virtual Machine Specification, java.awt.printerjob=sun.awt.windows.WPrinterJob, sun.os.patch.level=, java.library.path=C:\Program Files\Java\jdk-10.0.2\bin;C:\WINDOWS\Sun\Java\bin;C:\WINDOWS\system32;C:\WINDOWS;C:\Program Files (x86)\Common Files\Oracle\Java\javapath;C:\ProgramData\Oracle\Java\javapath;C:\Program Files (x86)\Intel\iCLS Client\;C:\Program Files\Intel\iCLS Client\;C:\Windows\system32;C:\Windows;C:\Windows\System32\Wbem;C:\Windows\System32\WindowsPowerShell\v1.0\;C:\Program Files (x86)\Intel\Intel(R) Management Engine Components\DAL;C:\Program Files\Intel\Intel(R) Management Engine Components\DAL;C:\Program Files (x86)\Intel\Intel(R) Management Engine Components\IPT;C:\Program Files\Intel\Intel(R) Management Engine Components\IPT;C:\Program Files (x86)\NVIDIA Corporation\PhysX\Common;C:\Program Files (x86)\Java\jdk1.8.0_66\bin;C:\WINDOWS\system32;C:\WINDOWS;C:\WINDOWS\System32\Wbem;C:\WINDOWS\System32\WindowsPowerShell\v1.0\;C:\Program Files\MySQL\MySQL Utilities 1.6\;C:\Program Files\Microsoft SQL Server\Client SDK\ODBC\130\Tools\Binn\;C:\Program Files (x86)\Microsoft SQL Server\130\Tools\Binn\;C:\Program Files\Microsoft SQL Server\130\Tools\Binn\;C:\Program Files\Microsoft SQL Server\130\DTS\Binn\;C:\Program Files (x86)\Microsoft SQL Server\Client SDK\ODBC\130\Tools\Binn\;C:\Program Files (x86)\Microsoft SQL Server\140\Tools\Binn\;C:\Program Files (x86)\Microsoft SQL Server\140\DTS\Binn\;C:\Program Files (x86)\Microsoft SQL Server\140\Tools\Binn\ManagementStudio\;C:\WINDOWS\System32\OpenSSH\;D:\swork\Git\cmd;C:\Users\ASUS\AppData\Local\Microsoft\WindowsApps;;., java.vendor=Oracle Corporation, java.vm.info=mixed mode, java.vm.version=10.0.2+13, sun.io.unicode.encoding=UnicodeLittle, java.class.version=54.0}}, SystemEnvironmentPropertySource@2124643775 {name='systemEnvironment', properties={USERDOMAIN_ROAMINGPROFILE=DESKTOP-9BF4DPT, LOCALAPPDATA=C:\Users\ASUS\AppData\Local, PROCESSOR_LEVEL=6, USERDOMAIN=DESKTOP-9BF4DPT, FPS_BROWSER_APP_PROFILE_STRING=Internet Explorer, LOGONSERVER=\\DESKTOP-9BF4DPT, SESSIONNAME=Console, ALLUSERSPROFILE=C:\ProgramData, PROCESSOR_ARCHITECTURE=AMD64, PSModulePath=C:\Program Files\WindowsPowerShell\Modules;C:\WINDOWS\system32\WindowsPowerShell\v1.0\Modules;C:\Program Files (x86)\Microsoft SQL Server\130\Tools\PowerShell\Modules\, SystemDrive=C:, java-home=C:\Program Files (x86)\Java\jdk1.8.0_66, OneDrive=C:\Users\ASUS\OneDrive, APPDATA=C:\Users\ASUS\AppData\Roaming, USERNAME=ASUS, ProgramFiles(x86)=C:\Program Files (x86), CommonProgramFiles=C:\Program Files\Common Files, Path=C:\Program Files (x86)\Common Files\Oracle\Java\javapath;C:\ProgramData\Oracle\Java\javapath;C:\Program Files (x86)\Intel\iCLS Client\;C:\Program Files\Intel\iCLS Client\;C:\Windows\system32;C:\Windows;C:\Windows\System32\Wbem;C:\Windows\System32\WindowsPowerShell\v1.0\;C:\Program Files (x86)\Intel\Intel(R) Management Engine Components\DAL;C:\Program Files\Intel\Intel(R) Management Engine Components\DAL;C:\Program Files (x86)\Intel\Intel(R) Management Engine Components\IPT;C:\Program Files\Intel\Intel(R) Management Engine Components\IPT;C:\Program Files (x86)\NVIDIA Corporation\PhysX\Common;C:\Program Files (x86)\Java\jdk1.8.0_66\bin;C:\WINDOWS\system32;C:\WINDOWS;C:\WINDOWS\System32\Wbem;C:\WINDOWS\System32\WindowsPowerShell\v1.0\;C:\Program Files\MySQL\MySQL Utilities 1.6\;C:\Program Files\Microsoft SQL Server\Client SDK\ODBC\130\Tools\Binn\;C:\Program Files (x86)\Microsoft SQL Server\130\Tools\Binn\;C:\Program Files\Microsoft SQL Server\130\Tools\Binn\;C:\Program Files\Microsoft SQL Server\130\DTS\Binn\;C:\Program Files (x86)\Microsoft SQL Server\Client SDK\ODBC\130\Tools\Binn\;C:\Program Files (x86)\Microsoft SQL Server\140\Tools\Binn\;C:\Program Files (x86)\Microsoft SQL Server\140\DTS\Binn\;C:\Program Files (x86)\Microsoft SQL Server\140\Tools\Binn\ManagementStudio\;C:\WINDOWS\System32\OpenSSH\;D:\swork\Git\cmd;C:\Users\ASUS\AppData\Local\Microsoft\WindowsApps;, FPS_BROWSER_USER_PROFILE_STRING=Default, PATHEXT=.COM;.EXE;.BAT;.CMD;.VBS;.VBE;.JS;.JSE;.WSF;.WSH;.MSC, DriverData=C:\Windows\System32\Drivers\DriverData, OS=Windows_NT, COMPUTERNAME=DESKTOP-9BF4DPT, PROCESSOR_REVISION=8e09, CommonProgramW6432=C:\Program Files\Common Files, ComSpec=C:\WINDOWS\system32\cmd.exe, ProgramData=C:\ProgramData, ProgramW6432=C:\Program Files, HOMEPATH=\Users\ASUS, SystemRoot=C:\WINDOWS, TEMP=C:\Users\ASUS\AppData\Local\Temp, HOMEDRIVE=C:, PROCESSOR_IDENTIFIER=Intel64 Family 6 Model 142 Stepping 9, GenuineIntel, USERPROFILE=C:\Users\ASUS, TMP=C:\Users\ASUS\AppData\Local\Temp, CommonProgramFiles(x86)=C:\Program Files (x86)\Common Files, ProgramFiles=C:\Program Files, PUBLIC=C:\Users\Public, NUMBER_OF_PROCESSORS=4, windir=C:\WINDOWS, =::=::\}}]
2019-02-28 10:53:41  INFO AnnotationConfigApplicationContext:588 - Refreshing org.springframework.context.annotation.AnnotationConfigApplicationContext@3444d69d: startup date [Thu Feb 28 10:53:41 CST 2019]; root of context hierarchy
2019-02-28 10:53:41 DEBUG AnnotationConfigApplicationContext:622 - Bean factory for org.springframework.context.annotation.AnnotationConfigApplicationContext@3444d69d: org.springframework.beans.factory.support.DefaultListableBeanFactory@5e0826e7: defining beans [org.springframework.context.annotation.internalConfigurationAnnotationProcessor,org.springframework.context.annotation.internalAutowiredAnnotationProcessor,org.springframework.context.annotation.internalRequiredAnnotationProcessor,org.springframework.context.event.internalEventListenerProcessor,org.springframework.context.event.internalEventListenerFactory,studentApp]; root of factory hierarchy
2019-02-28 10:53:41 DEBUG DefaultListableBeanFactory:213 - Creating shared instance of singleton bean 'org.springframework.context.annotation.internalConfigurationAnnotationProcessor'
2019-02-28 10:53:41 DEBUG DefaultListableBeanFactory:460 - Creating instance of bean 'org.springframework.context.annotation.internalConfigurationAnnotationProcessor'
2019-02-28 10:53:41 DEBUG DefaultListableBeanFactory:563 - Eagerly caching bean 'org.springframework.context.annotation.internalConfigurationAnnotationProcessor' to allow for resolving potential circular references
2019-02-28 10:53:41 DEBUG DefaultListableBeanFactory:497 - Finished creating instance of bean 'org.springframework.context.annotation.internalConfigurationAnnotationProcessor'
2019-02-28 10:53:41 DEBUG PathMatchingResourcePatternResolver:321 - Resolved classpath location [com/spring/annotation/] to resources [URL [file:/D:/spring-study/target/classes/com/spring/annotation/]]
2019-02-28 10:53:41 DEBUG PathMatchingResourcePatternResolver:721 - Looking for matching resources in directory tree [D:\spring-study\target\classes\com\spring\annotation]
2019-02-28 10:53:41 DEBUG PathMatchingResourcePatternResolver:783 - Searching directory [D:\spring-study\target\classes\com\spring\annotation] for files matching pattern [D:/spring-study/target/classes/com/spring/annotation/**/*.class]
2019-02-28 10:53:41 DEBUG PathMatchingResourcePatternResolver:514 - Resolved location pattern [classpath*:com/spring/annotation/**/*.class] to resources [file [D:\spring-study\target\classes\com\spring\annotation\Hello.class], file [D:\spring-study\target\classes\com\spring\annotation\HelloApp.class], file [D:\spring-study\target\classes\com\spring\annotation\Phone.class], file [D:\spring-study\target\classes\com\spring\annotation\Student.class], file [D:\spring-study\target\classes\com\spring\annotation\StudentApp.class]]
2019-02-28 10:53:41 DEBUG ClassPathBeanDefinitionScanner:437 - Identified candidate component class: file [D:\spring-study\target\classes\com\spring\annotation\Hello.class]
2019-02-28 10:53:41 DEBUG ClassPathBeanDefinitionScanner:437 - Identified candidate component class: file [D:\spring-study\target\classes\com\spring\annotation\Phone.class]
2019-02-28 10:53:41 DEBUG ClassPathBeanDefinitionScanner:437 - Identified candidate component class: file [D:\spring-study\target\classes\com\spring\annotation\Student.class]
2019-02-28 10:53:41 DEBUG DefaultListableBeanFactory:213 - Creating shared instance of singleton bean 'org.springframework.context.annotation.internalAutowiredAnnotationProcessor'
2019-02-28 10:53:41 DEBUG DefaultListableBeanFactory:460 - Creating instance of bean 'org.springframework.context.annotation.internalAutowiredAnnotationProcessor'
2019-02-28 10:53:41 DEBUG DefaultListableBeanFactory:563 - Eagerly caching bean 'org.springframework.context.annotation.internalAutowiredAnnotationProcessor' to allow for resolving potential circular references
2019-02-28 10:53:41 DEBUG DefaultListableBeanFactory:497 - Finished creating instance of bean 'org.springframework.context.annotation.internalAutowiredAnnotationProcessor'
2019-02-28 10:53:41 DEBUG DefaultListableBeanFactory:213 - Creating shared instance of singleton bean 'org.springframework.context.annotation.internalRequiredAnnotationProcessor'
2019-02-28 10:53:41 DEBUG DefaultListableBeanFactory:460 - Creating instance of bean 'org.springframework.context.annotation.internalRequiredAnnotationProcessor'
2019-02-28 10:53:41 DEBUG DefaultListableBeanFactory:563 - Eagerly caching bean 'org.springframework.context.annotation.internalRequiredAnnotationProcessor' to allow for resolving potential circular references
2019-02-28 10:53:41 DEBUG DefaultListableBeanFactory:497 - Finished creating instance of bean 'org.springframework.context.annotation.internalRequiredAnnotationProcessor'
2019-02-28 10:53:41 DEBUG AnnotationConfigApplicationContext:739 - Unable to locate MessageSource with name 'messageSource': using default [org.springframework.context.support.DelegatingMessageSource@3232a28a]
2019-02-28 10:53:41 DEBUG AnnotationConfigApplicationContext:763 - Unable to locate ApplicationEventMulticaster with name 'applicationEventMulticaster': using default [org.springframework.context.event.SimpleApplicationEventMulticaster@35aea049]
2019-02-28 10:53:41 DEBUG DefaultListableBeanFactory:728 - Pre-instantiating singletons in org.springframework.beans.factory.support.DefaultListableBeanFactory@5e0826e7: defining beans [org.springframework.context.annotation.internalConfigurationAnnotationProcessor,org.springframework.context.annotation.internalAutowiredAnnotationProcessor,org.springframework.context.annotation.internalRequiredAnnotationProcessor,org.springframework.context.event.internalEventListenerProcessor,org.springframework.context.event.internalEventListenerFactory,studentApp,hello,phone,student]; root of factory hierarchy
2019-02-28 10:53:41 DEBUG DefaultListableBeanFactory:254 - Returning cached instance of singleton bean 'org.springframework.context.annotation.internalConfigurationAnnotationProcessor'
2019-02-28 10:53:41 DEBUG DefaultListableBeanFactory:254 - Returning cached instance of singleton bean 'org.springframework.context.annotation.internalAutowiredAnnotationProcessor'
2019-02-28 10:53:41 DEBUG DefaultListableBeanFactory:254 - Returning cached instance of singleton bean 'org.springframework.context.annotation.internalRequiredAnnotationProcessor'
2019-02-28 10:53:41 DEBUG DefaultListableBeanFactory:213 - Creating shared instance of singleton bean 'org.springframework.context.event.internalEventListenerProcessor'
2019-02-28 10:53:41 DEBUG DefaultListableBeanFactory:460 - Creating instance of bean 'org.springframework.context.event.internalEventListenerProcessor'
2019-02-28 10:53:41 DEBUG DefaultListableBeanFactory:563 - Eagerly caching bean 'org.springframework.context.event.internalEventListenerProcessor' to allow for resolving potential circular references
2019-02-28 10:53:41 DEBUG DefaultListableBeanFactory:497 - Finished creating instance of bean 'org.springframework.context.event.internalEventListenerProcessor'
2019-02-28 10:53:41 DEBUG DefaultListableBeanFactory:213 - Creating shared instance of singleton bean 'org.springframework.context.event.internalEventListenerFactory'
2019-02-28 10:53:41 DEBUG DefaultListableBeanFactory:460 - Creating instance of bean 'org.springframework.context.event.internalEventListenerFactory'
2019-02-28 10:53:41 DEBUG DefaultListableBeanFactory:563 - Eagerly caching bean 'org.springframework.context.event.internalEventListenerFactory' to allow for resolving potential circular references
2019-02-28 10:53:41 DEBUG DefaultListableBeanFactory:497 - Finished creating instance of bean 'org.springframework.context.event.internalEventListenerFactory'
2019-02-28 10:53:41 DEBUG DefaultListableBeanFactory:213 - Creating shared instance of singleton bean 'studentApp'
2019-02-28 10:53:41 DEBUG DefaultListableBeanFactory:460 - Creating instance of bean 'studentApp'
2019-02-28 10:53:41 DEBUG DefaultListableBeanFactory:563 - Eagerly caching bean 'studentApp' to allow for resolving potential circular references
2019-02-28 10:53:41 DEBUG DefaultListableBeanFactory:497 - Finished creating instance of bean 'studentApp'
2019-02-28 10:53:41 DEBUG DefaultListableBeanFactory:213 - Creating shared instance of singleton bean 'hello'
2019-02-28 10:53:41 DEBUG DefaultListableBeanFactory:460 - Creating instance of bean 'hello'
2019-02-28 10:53:41 DEBUG DefaultListableBeanFactory:563 - Eagerly caching bean 'hello' to allow for resolving potential circular references
2019-02-28 10:53:41 DEBUG DefaultListableBeanFactory:497 - Finished creating instance of bean 'hello'
2019-02-28 10:53:41 DEBUG DefaultListableBeanFactory:213 - Creating shared instance of singleton bean 'phone'
2019-02-28 10:53:41 DEBUG DefaultListableBeanFactory:460 - Creating instance of bean 'phone'
2019-02-28 10:53:41 DEBUG InjectionMetadata:74 - Registered injected element on class [com.spring.annotation.Phone]: AutowiredFieldElement for private java.lang.String com.spring.annotation.Phone.brand
2019-02-28 10:53:41 DEBUG InjectionMetadata:74 - Registered injected element on class [com.spring.annotation.Phone]: AutowiredFieldElement for private double com.spring.annotation.Phone.price
2019-02-28 10:53:41 DEBUG DefaultListableBeanFactory:563 - Eagerly caching bean 'phone' to allow for resolving potential circular references
2019-02-28 10:53:41 DEBUG InjectionMetadata:88 - Processing injected element of bean 'phone': AutowiredFieldElement for private java.lang.String com.spring.annotation.Phone.brand
2019-02-28 10:53:41 DEBUG InjectionMetadata:88 - Processing injected element of bean 'phone': AutowiredFieldElement for private double com.spring.annotation.Phone.price
2019-02-28 10:53:41 DEBUG DefaultListableBeanFactory:497 - Finished creating instance of bean 'phone'
2019-02-28 10:53:41 DEBUG DefaultListableBeanFactory:213 - Creating shared instance of singleton bean 'student'
2019-02-28 10:53:41 DEBUG DefaultListableBeanFactory:460 - Creating instance of bean 'student'
2019-02-28 10:53:41 DEBUG InjectionMetadata:74 - Registered injected element on class [com.spring.annotation.Student]: AutowiredFieldElement for private java.lang.String com.spring.annotation.Student.name
2019-02-28 10:53:41 DEBUG InjectionMetadata:74 - Registered injected element on class [com.spring.annotation.Student]: AutowiredFieldElement for private int com.spring.annotation.Student.age
2019-02-28 10:53:41 DEBUG InjectionMetadata:74 - Registered injected element on class [com.spring.annotation.Student]: AutowiredFieldElement for private com.spring.annotation.Phone com.spring.annotation.Student.phone
2019-02-28 10:53:41 DEBUG DefaultListableBeanFactory:563 - Eagerly caching bean 'student' to allow for resolving potential circular references
2019-02-28 10:53:41 DEBUG InjectionMetadata:88 - Processing injected element of bean 'student': AutowiredFieldElement for private java.lang.String com.spring.annotation.Student.name
2019-02-28 10:53:41 DEBUG InjectionMetadata:88 - Processing injected element of bean 'student': AutowiredFieldElement for private int com.spring.annotation.Student.age
2019-02-28 10:53:41 DEBUG InjectionMetadata:88 - Processing injected element of bean 'student': AutowiredFieldElement for private com.spring.annotation.Phone com.spring.annotation.Student.phone
2019-02-28 10:53:41 DEBUG DefaultListableBeanFactory:254 - Returning cached instance of singleton bean 'phone'
2019-02-28 10:53:41 DEBUG AutowiredAnnotationBeanPostProcessor:527 - Autowiring by type from bean name 'student' to bean named 'phone'
2019-02-28 10:53:41 DEBUG DefaultListableBeanFactory:497 - Finished creating instance of bean 'student'
2019-02-28 10:53:41 DEBUG DefaultListableBeanFactory:254 - Returning cached instance of singleton bean 'org.springframework.context.event.internalEventListenerFactory'
2019-02-28 10:53:41 DEBUG AnnotationConfigApplicationContext:790 - Unable to locate LifecycleProcessor with name 'lifecycleProcessor': using default [org.springframework.context.support.DefaultLifecycleProcessor@4c60d6e9]
2019-02-28 10:53:41 DEBUG DefaultListableBeanFactory:254 - Returning cached instance of singleton bean 'lifecycleProcessor'
2019-02-28 10:53:41 DEBUG PropertySourcesPropertyResolver:96 - Could not find key 'spring.liveBeansView.mbeanDomain' in any property source
2019-02-28 10:53:41 DEBUG DefaultListableBeanFactory:254 - Returning cached instance of singleton bean 'student'
2019-02-28 10:54:12  INFO AnnotationConfigApplicationContext:588 - Refreshing org.springframework.context.annotation.AnnotationConfigApplicationContext@1176dcec: startup date [Thu Feb 28 10:54:12 CST 2019]; root of context hierarchy
2019-03-01 22:10:36 DEBUG StandardEnvironment:110 - Adding PropertySource 'systemProperties' with lowest search precedence
2019-03-01 22:10:36 DEBUG StandardEnvironment:110 - Adding PropertySource 'systemEnvironment' with lowest search precedence
2019-03-01 22:10:36 DEBUG StandardEnvironment:126 - Initialized StandardEnvironment with PropertySources [MapPropertySource@295221641 {name='systemProperties', properties={sun.desktop=windows, awt.toolkit=sun.awt.windows.WToolkit, java.specification.version=10, file.encoding.pkg=sun.io, sun.cpu.isalist=amd64, sun.jnu.encoding=GBK, java.class.path=D:\spring-study\target\classes;D:\maven_j\org\springframework\spring-context\5.0.10.RELEASE\spring-context-5.0.10.RELEASE.jar;D:\maven_j\org\springframework\spring-aop\5.0.10.RELEASE\spring-aop-5.0.10.RELEASE.jar;D:\maven_j\org\springframework\spring-beans\5.0.10.RELEASE\spring-beans-5.0.10.RELEASE.jar;D:\maven_j\org\springframework\spring-core\5.0.10.RELEASE\spring-core-5.0.10.RELEASE.jar;D:\maven_j\org\springframework\spring-jcl\5.0.10.RELEASE\spring-jcl-5.0.10.RELEASE.jar;D:\maven_j\org\springframework\spring-expression\5.0.10.RELEASE\spring-expression-5.0.10.RELEASE.jar;D:\maven_j\org\projectlombok\lombok\1.16.18\lombok-1.16.18.jar;D:\maven_j\org\slf4j\slf4j-api\1.6.6\slf4j-api-1.6.6.jar;D:\maven_j\org\slf4j\slf4j-log4j12\1.6.6\slf4j-log4j12-1.6.6.jar;D:\maven_j\log4j\log4j\1.2.16\log4j-1.2.16.jar, java.vm.vendor="Oracle Corporation", sun.arch.data.model=64, user.variant=, java.vendor.url=http://java.oracle.com/, user.timezone=Asia/Shanghai, os.name=Windows 10, java.vm.specification.version=10, sun.java.launcher=SUN_STANDARD, user.country=CN, sun.boot.library.path=C:\Program Files\Java\jdk-10.0.2\bin, sun.java.command=com.spring.annotation.HelloApp, jdk.debug=release, sun.cpu.endian=little, user.home=C:\Users\ASUS, user.language=zh, java.specification.vendor=Oracle Corporation, java.version.date=2018-07-17, java.home=C:\Program Files\Java\jdk-10.0.2, file.separator=\, java.vm.compressedOopsMode=32-bit, line.separator=
, java.specification.name=Java Platform API Specification, java.vm.specification.vendor=Oracle Corporation, java.awt.graphicsenv=sun.awt.Win32GraphicsEnvironment, user.script=, sun.management.compiler=HotSpot 64-Bit Tiered Compilers, java.runtime.version=10.0.2+13, user.name=ASUS, path.separator=;, os.version=10.0, java.runtime.name=Java(TM) SE Runtime Environment, file.encoding=UTF-8, java.vm.name=Java HotSpot(TM) 64-Bit Server VM, java.vendor.version=18.3, java.vendor.url.bug=http://bugreport.java.com/bugreport/, java.io.tmpdir=C:\Users\ASUS\AppData\Local\Temp\, java.version=10.0.2, user.dir=D:\spring-study, os.arch=amd64, java.vm.specification.name=Java Virtual Machine Specification, java.awt.printerjob=sun.awt.windows.WPrinterJob, sun.os.patch.level=, java.library.path=C:\Program Files\Java\jdk-10.0.2\bin;C:\WINDOWS\Sun\Java\bin;C:\WINDOWS\system32;C:\WINDOWS;C:\Program Files (x86)\Common Files\Oracle\Java\javapath;C:\ProgramData\Oracle\Java\javapath;C:\Program Files (x86)\Intel\iCLS Client\;C:\Program Files\Intel\iCLS Client\;C:\Windows\system32;C:\Windows;C:\Windows\System32\Wbem;C:\Windows\System32\WindowsPowerShell\v1.0\;C:\Program Files (x86)\Intel\Intel(R) Management Engine Components\DAL;C:\Program Files\Intel\Intel(R) Management Engine Components\DAL;C:\Program Files (x86)\Intel\Intel(R) Management Engine Components\IPT;C:\Program Files\Intel\Intel(R) Management Engine Components\IPT;C:\Program Files (x86)\NVIDIA Corporation\PhysX\Common;C:\Program Files (x86)\Java\jdk1.8.0_66\bin;C:\WINDOWS\system32;C:\WINDOWS;C:\WINDOWS\System32\Wbem;C:\WINDOWS\System32\WindowsPowerShell\v1.0\;C:\Program Files\MySQL\MySQL Utilities 1.6\;C:\Program Files\Microsoft SQL Server\Client SDK\ODBC\130\Tools\Binn\;C:\Program Files (x86)\Microsoft SQL Server\130\Tools\Binn\;C:\Program Files\Microsoft SQL Server\130\Tools\Binn\;C:\Program Files\Microsoft SQL Server\130\DTS\Binn\;C:\Program Files (x86)\Microsoft SQL Server\Client SDK\ODBC\130\Tools\Binn\;C:\Program Files (x86)\Microsoft SQL Server\140\Tools\Binn\;C:\Program Files (x86)\Microsoft SQL Server\140\DTS\Binn\;C:\Program Files (x86)\Microsoft SQL Server\140\Tools\Binn\ManagementStudio\;C:\WINDOWS\System32\OpenSSH\;D:\swork\Git\cmd;C:\Users\ASUS\AppData\Local\Microsoft\WindowsApps;;., java.vendor=Oracle Corporation, java.vm.info=mixed mode, java.vm.version=10.0.2+13, sun.io.unicode.encoding=UnicodeLittle, java.class.version=54.0}}, SystemEnvironmentPropertySource@2147046752 {name='systemEnvironment', properties={USERDOMAIN_ROAMINGPROFILE=DESKTOP-9BF4DPT, LOCALAPPDATA=C:\Users\ASUS\AppData\Local, PROCESSOR_LEVEL=6, USERDOMAIN=DESKTOP-9BF4DPT, FPS_BROWSER_APP_PROFILE_STRING=Internet Explorer, LOGONSERVER=\\DESKTOP-9BF4DPT, SESSIONNAME=Console, ALLUSERSPROFILE=C:\ProgramData, PROCESSOR_ARCHITECTURE=AMD64, PSModulePath=C:\Program Files\WindowsPowerShell\Modules;C:\WINDOWS\system32\WindowsPowerShell\v1.0\Modules;C:\Program Files (x86)\Microsoft SQL Server\130\Tools\PowerShell\Modules\, SystemDrive=C:, java-home=C:\Program Files (x86)\Java\jdk1.8.0_66, OneDrive=C:\Users\ASUS\OneDrive, APPDATA=C:\Users\ASUS\AppData\Roaming, USERNAME=ASUS, ProgramFiles(x86)=C:\Program Files (x86), CommonProgramFiles=C:\Program Files\Common Files, Path=C:\Program Files (x86)\Common Files\Oracle\Java\javapath;C:\ProgramData\Oracle\Java\javapath;C:\Program Files (x86)\Intel\iCLS Client\;C:\Program Files\Intel\iCLS Client\;C:\Windows\system32;C:\Windows;C:\Windows\System32\Wbem;C:\Windows\System32\WindowsPowerShell\v1.0\;C:\Program Files (x86)\Intel\Intel(R) Management Engine Components\DAL;C:\Program Files\Intel\Intel(R) Management Engine Components\DAL;C:\Program Files (x86)\Intel\Intel(R) Management Engine Components\IPT;C:\Program Files\Intel\Intel(R) Management Engine Components\IPT;C:\Program Files (x86)\NVIDIA Corporation\PhysX\Common;C:\Program Files (x86)\Java\jdk1.8.0_66\bin;C:\WINDOWS\system32;C:\WINDOWS;C:\WINDOWS\System32\Wbem;C:\WINDOWS\System32\WindowsPowerShell\v1.0\;C:\Program Files\MySQL\MySQL Utilities 1.6\;C:\Program Files\Microsoft SQL Server\Client SDK\ODBC\130\Tools\Binn\;C:\Program Files (x86)\Microsoft SQL Server\130\Tools\Binn\;C:\Program Files\Microsoft SQL Server\130\Tools\Binn\;C:\Program Files\Microsoft SQL Server\130\DTS\Binn\;C:\Program Files (x86)\Microsoft SQL Server\Client SDK\ODBC\130\Tools\Binn\;C:\Program Files (x86)\Microsoft SQL Server\140\Tools\Binn\;C:\Program Files (x86)\Microsoft SQL Server\140\DTS\Binn\;C:\Program Files (x86)\Microsoft SQL Server\140\Tools\Binn\ManagementStudio\;C:\WINDOWS\System32\OpenSSH\;D:\swork\Git\cmd;C:\Users\ASUS\AppData\Local\Microsoft\WindowsApps;, FPS_BROWSER_USER_PROFILE_STRING=Default, PATHEXT=.COM;.EXE;.BAT;.CMD;.VBS;.VBE;.JS;.JSE;.WSF;.WSH;.MSC, DriverData=C:\Windows\System32\Drivers\DriverData, OS=Windows_NT, COMPUTERNAME=DESKTOP-9BF4DPT, PROCESSOR_REVISION=8e09, CommonProgramW6432=C:\Program Files\Common Files, ComSpec=C:\WINDOWS\system32\cmd.exe, ProgramData=C:\ProgramData, ProgramW6432=C:\Program Files, HOMEPATH=\Users\ASUS, SystemRoot=C:\WINDOWS, TEMP=C:\Users\ASUS\AppData\Local\Temp, HOMEDRIVE=C:, PROCESSOR_IDENTIFIER=Intel64 Family 6 Model 142 Stepping 9, GenuineIntel, USERPROFILE=C:\Users\ASUS, TMP=C:\Users\ASUS\AppData\Local\Temp, CommonProgramFiles(x86)=C:\Program Files (x86)\Common Files, ProgramFiles=C:\Program Files, PUBLIC=C:\Users\Public, NUMBER_OF_PROCESSORS=4, windir=C:\WINDOWS, =::=::\}}]
2019-03-01 22:10:37  INFO AnnotationConfigApplicationContext:588 - Refreshing org.springframework.context.annotation.AnnotationConfigApplicationContext@1176dcec: startup date [Fri Mar 01 22:10:37 CST 2019]; root of context hierarchy
2019-03-01 22:10:37 DEBUG AnnotationConfigApplicationContext:622 - Bean factory for org.springframework.context.annotation.AnnotationConfigApplicationContext@1176dcec: org.springframework.beans.factory.support.DefaultListableBeanFactory@15ff3e9e: defining beans [org.springframework.context.annotation.internalConfigurationAnnotationProcessor,org.springframework.context.annotation.internalAutowiredAnnotationProcessor,org.springframework.context.annotation.internalRequiredAnnotationProcessor,org.springframework.context.event.internalEventListenerProcessor,org.springframework.context.event.internalEventListenerFactory,helloApp]; root of factory hierarchy
2019-03-01 22:10:37 DEBUG DefaultListableBeanFactory:213 - Creating shared instance of singleton bean 'org.springframework.context.annotation.internalConfigurationAnnotationProcessor'
2019-03-01 22:10:37 DEBUG DefaultListableBeanFactory:460 - Creating instance of bean 'org.springframework.context.annotation.internalConfigurationAnnotationProcessor'
2019-03-01 22:10:37 DEBUG DefaultListableBeanFactory:563 - Eagerly caching bean 'org.springframework.context.annotation.internalConfigurationAnnotationProcessor' to allow for resolving potential circular references
2019-03-01 22:10:37 DEBUG DefaultListableBeanFactory:497 - Finished creating instance of bean 'org.springframework.context.annotation.internalConfigurationAnnotationProcessor'
2019-03-01 22:10:37 DEBUG PathMatchingResourcePatternResolver:321 - Resolved classpath location [com/spring/annotation/] to resources [URL [file:/D:/spring-study/target/classes/com/spring/annotation/]]
2019-03-01 22:10:37 DEBUG PathMatchingResourcePatternResolver:721 - Looking for matching resources in directory tree [D:\spring-study\target\classes\com\spring\annotation]
2019-03-01 22:10:37 DEBUG PathMatchingResourcePatternResolver:783 - Searching directory [D:\spring-study\target\classes\com\spring\annotation] for files matching pattern [D:/spring-study/target/classes/com/spring/annotation/**/*.class]
2019-03-01 22:10:37 DEBUG PathMatchingResourcePatternResolver:514 - Resolved location pattern [classpath*:com/spring/annotation/**/*.class] to resources [file [D:\spring-study\target\classes\com\spring\annotation\Hello.class], file [D:\spring-study\target\classes\com\spring\annotation\HelloApp.class], file [D:\spring-study\target\classes\com\spring\annotation\Phone.class], file [D:\spring-study\target\classes\com\spring\annotation\Student.class], file [D:\spring-study\target\classes\com\spring\annotation\StudentApp.class]]
2019-03-01 22:10:37 DEBUG ClassPathBeanDefinitionScanner:437 - Identified candidate component class: file [D:\spring-study\target\classes\com\spring\annotation\Hello.class]
2019-03-01 22:10:37 DEBUG ClassPathBeanDefinitionScanner:437 - Identified candidate component class: file [D:\spring-study\target\classes\com\spring\annotation\Phone.class]
2019-03-01 22:10:37 DEBUG ClassPathBeanDefinitionScanner:437 - Identified candidate component class: file [D:\spring-study\target\classes\com\spring\annotation\Student.class]
2019-03-01 22:10:37 DEBUG DefaultListableBeanFactory:213 - Creating shared instance of singleton bean 'org.springframework.context.annotation.internalAutowiredAnnotationProcessor'
2019-03-01 22:10:37 DEBUG DefaultListableBeanFactory:460 - Creating instance of bean 'org.springframework.context.annotation.internalAutowiredAnnotationProcessor'
2019-03-01 22:10:37 DEBUG DefaultListableBeanFactory:563 - Eagerly caching bean 'org.springframework.context.annotation.internalAutowiredAnnotationProcessor' to allow for resolving potential circular references
2019-03-01 22:10:37 DEBUG DefaultListableBeanFactory:497 - Finished creating instance of bean 'org.springframework.context.annotation.internalAutowiredAnnotationProcessor'
2019-03-01 22:10:37 DEBUG DefaultListableBeanFactory:213 - Creating shared instance of singleton bean 'org.springframework.context.annotation.internalRequiredAnnotationProcessor'
2019-03-01 22:10:37 DEBUG DefaultListableBeanFactory:460 - Creating instance of bean 'org.springframework.context.annotation.internalRequiredAnnotationProcessor'
2019-03-01 22:10:37 DEBUG DefaultListableBeanFactory:563 - Eagerly caching bean 'org.springframework.context.annotation.internalRequiredAnnotationProcessor' to allow for resolving potential circular references
2019-03-01 22:10:37 DEBUG DefaultListableBeanFactory:497 - Finished creating instance of bean 'org.springframework.context.annotation.internalRequiredAnnotationProcessor'
2019-03-01 22:10:37 DEBUG AnnotationConfigApplicationContext:739 - Unable to locate MessageSource with name 'messageSource': using default [org.springframework.context.support.DelegatingMessageSource@32ee6fee]
2019-03-01 22:10:37 DEBUG AnnotationConfigApplicationContext:763 - Unable to locate ApplicationEventMulticaster with name 'applicationEventMulticaster': using default [org.springframework.context.event.SimpleApplicationEventMulticaster@20ccf40b]
2019-03-01 22:10:37 DEBUG DefaultListableBeanFactory:728 - Pre-instantiating singletons in org.springframework.beans.factory.support.DefaultListableBeanFactory@15ff3e9e: defining beans [org.springframework.context.annotation.internalConfigurationAnnotationProcessor,org.springframework.context.annotation.internalAutowiredAnnotationProcessor,org.springframework.context.annotation.internalRequiredAnnotationProcessor,org.springframework.context.event.internalEventListenerProcessor,org.springframework.context.event.internalEventListenerFactory,helloApp,hello,phone,student]; root of factory hierarchy
2019-03-01 22:10:37 DEBUG DefaultListableBeanFactory:254 - Returning cached instance of singleton bean 'org.springframework.context.annotation.internalConfigurationAnnotationProcessor'
2019-03-01 22:10:37 DEBUG DefaultListableBeanFactory:254 - Returning cached instance of singleton bean 'org.springframework.context.annotation.internalAutowiredAnnotationProcessor'
2019-03-01 22:10:37 DEBUG DefaultListableBeanFactory:254 - Returning cached instance of singleton bean 'org.springframework.context.annotation.internalRequiredAnnotationProcessor'
2019-03-01 22:10:37 DEBUG DefaultListableBeanFactory:213 - Creating shared instance of singleton bean 'org.springframework.context.event.internalEventListenerProcessor'
2019-03-01 22:10:37 DEBUG DefaultListableBeanFactory:460 - Creating instance of bean 'org.springframework.context.event.internalEventListenerProcessor'
2019-03-01 22:10:37 DEBUG DefaultListableBeanFactory:563 - Eagerly caching bean 'org.springframework.context.event.internalEventListenerProcessor' to allow for resolving potential circular references
2019-03-01 22:10:37 DEBUG DefaultListableBeanFactory:497 - Finished creating instance of bean 'org.springframework.context.event.internalEventListenerProcessor'
2019-03-01 22:10:37 DEBUG DefaultListableBeanFactory:213 - Creating shared instance of singleton bean 'org.springframework.context.event.internalEventListenerFactory'
2019-03-01 22:10:37 DEBUG DefaultListableBeanFactory:460 - Creating instance of bean 'org.springframework.context.event.internalEventListenerFactory'
2019-03-01 22:10:37 DEBUG DefaultListableBeanFactory:563 - Eagerly caching bean 'org.springframework.context.event.internalEventListenerFactory' to allow for resolving potential circular references
2019-03-01 22:10:37 DEBUG DefaultListableBeanFactory:497 - Finished creating instance of bean 'org.springframework.context.event.internalEventListenerFactory'
2019-03-01 22:10:37 DEBUG DefaultListableBeanFactory:213 - Creating shared instance of singleton bean 'helloApp'
2019-03-01 22:10:37 DEBUG DefaultListableBeanFactory:460 - Creating instance of bean 'helloApp'
2019-03-01 22:10:37 DEBUG DefaultListableBeanFactory:563 - Eagerly caching bean 'helloApp' to allow for resolving potential circular references
2019-03-01 22:10:37 DEBUG DefaultListableBeanFactory:497 - Finished creating instance of bean 'helloApp'
2019-03-01 22:10:37 DEBUG DefaultListableBeanFactory:213 - Creating shared instance of singleton bean 'hello'
2019-03-01 22:10:37 DEBUG DefaultListableBeanFactory:460 - Creating instance of bean 'hello'
2019-03-01 22:10:37 DEBUG DefaultListableBeanFactory:563 - Eagerly caching bean 'hello' to allow for resolving potential circular references
2019-03-01 22:10:37 DEBUG DefaultListableBeanFactory:497 - Finished creating instance of bean 'hello'
2019-03-01 22:10:37 DEBUG DefaultListableBeanFactory:213 - Creating shared instance of singleton bean 'phone'
2019-03-01 22:10:37 DEBUG DefaultListableBeanFactory:460 - Creating instance of bean 'phone'
2019-03-01 22:10:37 DEBUG InjectionMetadata:74 - Registered injected element on class [com.spring.annotation.Phone]: AutowiredFieldElement for private java.lang.String com.spring.annotation.Phone.brand
2019-03-01 22:10:37 DEBUG InjectionMetadata:74 - Registered injected element on class [com.spring.annotation.Phone]: AutowiredFieldElement for private double com.spring.annotation.Phone.price
2019-03-01 22:10:37 DEBUG DefaultListableBeanFactory:563 - Eagerly caching bean 'phone' to allow for resolving potential circular references
2019-03-01 22:10:37 DEBUG InjectionMetadata:88 - Processing injected element of bean 'phone': AutowiredFieldElement for private java.lang.String com.spring.annotation.Phone.brand
2019-03-01 22:10:37 DEBUG InjectionMetadata:88 - Processing injected element of bean 'phone': AutowiredFieldElement for private double com.spring.annotation.Phone.price
2019-03-01 22:10:37 DEBUG DefaultListableBeanFactory:497 - Finished creating instance of bean 'phone'
2019-03-01 22:10:37 DEBUG DefaultListableBeanFactory:213 - Creating shared instance of singleton bean 'student'
2019-03-01 22:10:37 DEBUG DefaultListableBeanFactory:460 - Creating instance of bean 'student'
2019-03-01 22:10:37 DEBUG InjectionMetadata:74 - Registered injected element on class [com.spring.annotation.Student]: AutowiredFieldElement for private java.lang.String com.spring.annotation.Student.name
2019-03-01 22:10:37 DEBUG InjectionMetadata:74 - Registered injected element on class [com.spring.annotation.Student]: AutowiredFieldElement for private int com.spring.annotation.Student.age
2019-03-01 22:10:37 DEBUG InjectionMetadata:74 - Registered injected element on class [com.spring.annotation.Student]: AutowiredFieldElement for private com.spring.annotation.Phone com.spring.annotation.Student.phone
2019-03-01 22:10:37 DEBUG DefaultListableBeanFactory:563 - Eagerly caching bean 'student' to allow for resolving potential circular references
2019-03-01 22:10:37 DEBUG InjectionMetadata:88 - Processing injected element of bean 'student': AutowiredFieldElement for private java.lang.String com.spring.annotation.Student.name
2019-03-01 22:10:37 DEBUG InjectionMetadata:88 - Processing injected element of bean 'student': AutowiredFieldElement for private int com.spring.annotation.Student.age
2019-03-01 22:10:37 DEBUG InjectionMetadata:88 - Processing injected element of bean 'student': AutowiredFieldElement for private com.spring.annotation.Phone com.spring.annotation.Student.phone
2019-03-01 22:10:37 DEBUG DefaultListableBeanFactory:254 - Returning cached instance of singleton bean 'phone'
2019-03-01 22:10:37 DEBUG AutowiredAnnotationBeanPostProcessor:527 - Autowiring by type from bean name 'student' to bean named 'phone'
2019-03-01 22:10:37 DEBUG DefaultListableBeanFactory:497 - Finished creating instance of bean 'student'
2019-03-01 22:10:37 DEBUG DefaultListableBeanFactory:254 - Returning cached instance of singleton bean 'org.springframework.context.event.internalEventListenerFactory'
2019-03-01 22:10:37 DEBUG AnnotationConfigApplicationContext:790 - Unable to locate LifecycleProcessor with name 'lifecycleProcessor': using default [org.springframework.context.support.DefaultLifecycleProcessor@17f9d882]
2019-03-01 22:10:37 DEBUG DefaultListableBeanFactory:254 - Returning cached instance of singleton bean 'lifecycleProcessor'
2019-03-01 22:10:37 DEBUG PropertySourcesPropertyResolver:96 - Could not find key 'spring.liveBeansView.mbeanDomain' in any property source
2019-03-01 22:10:37 DEBUG DefaultListableBeanFactory:254 - Returning cached instance of singleton bean 'hello'
2019-03-01 22:18:35 DEBUG StandardEnvironment:110 - Adding PropertySource 'systemProperties' with lowest search precedence
2019-03-01 22:18:35 DEBUG StandardEnvironment:110 - Adding PropertySource 'systemEnvironment' with lowest search precedence
2019-03-01 22:18:35 DEBUG StandardEnvironment:126 - Initialized StandardEnvironment with PropertySources [MapPropertySource@1384010761 {name='systemProperties', properties={sun.desktop=windows, awt.toolkit=sun.awt.windows.WToolkit, java.specification.version=10, file.encoding.pkg=sun.io, sun.cpu.isalist=amd64, sun.jnu.encoding=GBK, java.class.path=D:\spring-study\target\classes;D:\maven_j\org\springframework\spring-context\5.0.10.RELEASE\spring-context-5.0.10.RELEASE.jar;D:\maven_j\org\springframework\spring-aop\5.0.10.RELEASE\spring-aop-5.0.10.RELEASE.jar;D:\maven_j\org\springframework\spring-beans\5.0.10.RELEASE\spring-beans-5.0.10.RELEASE.jar;D:\maven_j\org\springframework\spring-core\5.0.10.RELEASE\spring-core-5.0.10.RELEASE.jar;D:\maven_j\org\springframework\spring-jcl\5.0.10.RELEASE\spring-jcl-5.0.10.RELEASE.jar;D:\maven_j\org\springframework\spring-expression\5.0.10.RELEASE\spring-expression-5.0.10.RELEASE.jar;D:\maven_j\org\projectlombok\lombok\1.16.18\lombok-1.16.18.jar;D:\maven_j\org\slf4j\slf4j-api\1.6.6\slf4j-api-1.6.6.jar;D:\maven_j\org\slf4j\slf4j-log4j12\1.6.6\slf4j-log4j12-1.6.6.jar;D:\maven_j\log4j\log4j\1.2.16\log4j-1.2.16.jar, java.vm.vendor="Oracle Corporation", sun.arch.data.model=64, user.variant=, java.vendor.url=http://java.oracle.com/, user.timezone=Asia/Shanghai, os.name=Windows 10, java.vm.specification.version=10, sun.java.launcher=SUN_STANDARD, user.country=CN, sun.boot.library.path=C:\Program Files\Java\jdk-10.0.2\bin, sun.java.command=com.spring.annotation.StudentApp, jdk.debug=release, sun.cpu.endian=little, user.home=C:\Users\ASUS, user.language=zh, java.specification.vendor=Oracle Corporation, java.version.date=2018-07-17, java.home=C:\Program Files\Java\jdk-10.0.2, file.separator=\, java.vm.compressedOopsMode=32-bit, line.separator=
, java.specification.name=Java Platform API Specification, java.vm.specification.vendor=Oracle Corporation, java.awt.graphicsenv=sun.awt.Win32GraphicsEnvironment, user.script=, sun.management.compiler=HotSpot 64-Bit Tiered Compilers, java.runtime.version=10.0.2+13, user.name=ASUS, path.separator=;, os.version=10.0, java.runtime.name=Java(TM) SE Runtime Environment, file.encoding=UTF-8, java.vm.name=Java HotSpot(TM) 64-Bit Server VM, java.vendor.version=18.3, java.vendor.url.bug=http://bugreport.java.com/bugreport/, java.io.tmpdir=C:\Users\ASUS\AppData\Local\Temp\, java.version=10.0.2, user.dir=D:\spring-study, os.arch=amd64, java.vm.specification.name=Java Virtual Machine Specification, java.awt.printerjob=sun.awt.windows.WPrinterJob, sun.os.patch.level=, java.library.path=C:\Program Files\Java\jdk-10.0.2\bin;C:\WINDOWS\Sun\Java\bin;C:\WINDOWS\system32;C:\WINDOWS;C:\Program Files (x86)\Common Files\Oracle\Java\javapath;C:\ProgramData\Oracle\Java\javapath;C:\Program Files (x86)\Intel\iCLS Client\;C:\Program Files\Intel\iCLS Client\;C:\Windows\system32;C:\Windows;C:\Windows\System32\Wbem;C:\Windows\System32\WindowsPowerShell\v1.0\;C:\Program Files (x86)\Intel\Intel(R) Management Engine Components\DAL;C:\Program Files\Intel\Intel(R) Management Engine Components\DAL;C:\Program Files (x86)\Intel\Intel(R) Management Engine Components\IPT;C:\Program Files\Intel\Intel(R) Management Engine Components\IPT;C:\Program Files (x86)\NVIDIA Corporation\PhysX\Common;C:\Program Files (x86)\Java\jdk1.8.0_66\bin;C:\WINDOWS\system32;C:\WINDOWS;C:\WINDOWS\System32\Wbem;C:\WINDOWS\System32\WindowsPowerShell\v1.0\;C:\Program Files\MySQL\MySQL Utilities 1.6\;C:\Program Files\Microsoft SQL Server\Client SDK\ODBC\130\Tools\Binn\;C:\Program Files (x86)\Microsoft SQL Server\130\Tools\Binn\;C:\Program Files\Microsoft SQL Server\130\Tools\Binn\;C:\Program Files\Microsoft SQL Server\130\DTS\Binn\;C:\Program Files (x86)\Microsoft SQL Server\Client SDK\ODBC\130\Tools\Binn\;C:\Program Files (x86)\Microsoft SQL Server\140\Tools\Binn\;C:\Program Files (x86)\Microsoft SQL Server\140\DTS\Binn\;C:\Program Files (x86)\Microsoft SQL Server\140\Tools\Binn\ManagementStudio\;C:\WINDOWS\System32\OpenSSH\;D:\swork\Git\cmd;C:\Users\ASUS\AppData\Local\Microsoft\WindowsApps;;., java.vendor=Oracle Corporation, java.vm.info=mixed mode, java.vm.version=10.0.2+13, sun.io.unicode.encoding=UnicodeLittle, java.class.version=54.0}}, SystemEnvironmentPropertySource@295221641 {name='systemEnvironment', properties={USERDOMAIN_ROAMINGPROFILE=DESKTOP-9BF4DPT, LOCALAPPDATA=C:\Users\ASUS\AppData\Local, PROCESSOR_LEVEL=6, USERDOMAIN=DESKTOP-9BF4DPT, FPS_BROWSER_APP_PROFILE_STRING=Internet Explorer, LOGONSERVER=\\DESKTOP-9BF4DPT, SESSIONNAME=Console, ALLUSERSPROFILE=C:\ProgramData, PROCESSOR_ARCHITECTURE=AMD64, PSModulePath=C:\Program Files\WindowsPowerShell\Modules;C:\WINDOWS\system32\WindowsPowerShell\v1.0\Modules;C:\Program Files (x86)\Microsoft SQL Server\130\Tools\PowerShell\Modules\, SystemDrive=C:, java-home=C:\Program Files (x86)\Java\jdk1.8.0_66, OneDrive=C:\Users\ASUS\OneDrive, APPDATA=C:\Users\ASUS\AppData\Roaming, USERNAME=ASUS, ProgramFiles(x86)=C:\Program Files (x86), CommonProgramFiles=C:\Program Files\Common Files, Path=C:\Program Files (x86)\Common Files\Oracle\Java\javapath;C:\ProgramData\Oracle\Java\javapath;C:\Program Files (x86)\Intel\iCLS Client\;C:\Program Files\Intel\iCLS Client\;C:\Windows\system32;C:\Windows;C:\Windows\System32\Wbem;C:\Windows\System32\WindowsPowerShell\v1.0\;C:\Program Files (x86)\Intel\Intel(R) Management Engine Components\DAL;C:\Program Files\Intel\Intel(R) Management Engine Components\DAL;C:\Program Files (x86)\Intel\Intel(R) Management Engine Components\IPT;C:\Program Files\Intel\Intel(R) Management Engine Components\IPT;C:\Program Files (x86)\NVIDIA Corporation\PhysX\Common;C:\Program Files (x86)\Java\jdk1.8.0_66\bin;C:\WINDOWS\system32;C:\WINDOWS;C:\WINDOWS\System32\Wbem;C:\WINDOWS\System32\WindowsPowerShell\v1.0\;C:\Program Files\MySQL\MySQL Utilities 1.6\;C:\Program Files\Microsoft SQL Server\Client SDK\ODBC\130\Tools\Binn\;C:\Program Files (x86)\Microsoft SQL Server\130\Tools\Binn\;C:\Program Files\Microsoft SQL Server\130\Tools\Binn\;C:\Program Files\Microsoft SQL Server\130\DTS\Binn\;C:\Program Files (x86)\Microsoft SQL Server\Client SDK\ODBC\130\Tools\Binn\;C:\Program Files (x86)\Microsoft SQL Server\140\Tools\Binn\;C:\Program Files (x86)\Microsoft SQL Server\140\DTS\Binn\;C:\Program Files (x86)\Microsoft SQL Server\140\Tools\Binn\ManagementStudio\;C:\WINDOWS\System32\OpenSSH\;D:\swork\Git\cmd;C:\Users\ASUS\AppData\Local\Microsoft\WindowsApps;, FPS_BROWSER_USER_PROFILE_STRING=Default, PATHEXT=.COM;.EXE;.BAT;.CMD;.VBS;.VBE;.JS;.JSE;.WSF;.WSH;.MSC, DriverData=C:\Windows\System32\Drivers\DriverData, OS=Windows_NT, COMPUTERNAME=DESKTOP-9BF4DPT, PROCESSOR_REVISION=8e09, CommonProgramW6432=C:\Program Files\Common Files, ComSpec=C:\WINDOWS\system32\cmd.exe, ProgramData=C:\ProgramData, ProgramW6432=C:\Program Files, HOMEPATH=\Users\ASUS, SystemRoot=C:\WINDOWS, TEMP=C:\Users\ASUS\AppData\Local\Temp, HOMEDRIVE=C:, PROCESSOR_IDENTIFIER=Intel64 Family 6 Model 142 Stepping 9, GenuineIntel, USERPROFILE=C:\Users\ASUS, TMP=C:\Users\ASUS\AppData\Local\Temp, CommonProgramFiles(x86)=C:\Program Files (x86)\Common Files, ProgramFiles=C:\Program Files, PUBLIC=C:\Users\Public, NUMBER_OF_PROCESSORS=4, windir=C:\WINDOWS, =::=::\}}]
2019-03-01 22:18:35  INFO AnnotationConfigApplicationContext:588 - Refreshing org.springframework.context.annotation.AnnotationConfigApplicationContext@23bb8443: startup date [Fri Mar 01 22:18:35 CST 2019]; root of context hierarchy
2019-03-01 22:18:35 DEBUG AnnotationConfigApplicationContext:622 - Bean factory for org.springframework.context.annotation.AnnotationConfigApplicationContext@23bb8443: org.springframework.beans.factory.support.DefaultListableBeanFactory@7fa98a66: defining beans [org.springframework.context.annotation.internalConfigurationAnnotationProcessor,org.springframework.context.annotation.internalAutowiredAnnotationProcessor,org.springframework.context.annotation.internalRequiredAnnotationProcessor,org.springframework.context.event.internalEventListenerProcessor,org.springframework.context.event.internalEventListenerFactory,studentApp]; root of factory hierarchy
2019-03-01 22:18:35 DEBUG DefaultListableBeanFactory:213 - Creating shared instance of singleton bean 'org.springframework.context.annotation.internalConfigurationAnnotationProcessor'
2019-03-01 22:18:35 DEBUG DefaultListableBeanFactory:460 - Creating instance of bean 'org.springframework.context.annotation.internalConfigurationAnnotationProcessor'
2019-03-01 22:18:35 DEBUG DefaultListableBeanFactory:563 - Eagerly caching bean 'org.springframework.context.annotation.internalConfigurationAnnotationProcessor' to allow for resolving potential circular references
2019-03-01 22:18:35 DEBUG DefaultListableBeanFactory:497 - Finished creating instance of bean 'org.springframework.context.annotation.internalConfigurationAnnotationProcessor'
2019-03-01 22:18:35 DEBUG PathMatchingResourcePatternResolver:321 - Resolved classpath location [com/spring/annotation/] to resources [URL [file:/D:/spring-study/target/classes/com/spring/annotation/]]
2019-03-01 22:18:35 DEBUG PathMatchingResourcePatternResolver:721 - Looking for matching resources in directory tree [D:\spring-study\target\classes\com\spring\annotation]
2019-03-01 22:18:35 DEBUG PathMatchingResourcePatternResolver:783 - Searching directory [D:\spring-study\target\classes\com\spring\annotation] for files matching pattern [D:/spring-study/target/classes/com/spring/annotation/**/*.class]
2019-03-01 22:18:35 DEBUG PathMatchingResourcePatternResolver:514 - Resolved location pattern [classpath*:com/spring/annotation/**/*.class] to resources [file [D:\spring-study\target\classes\com\spring\annotation\Hello.class], file [D:\spring-study\target\classes\com\spring\annotation\HelloApp.class], file [D:\spring-study\target\classes\com\spring\annotation\Phone.class], file [D:\spring-study\target\classes\com\spring\annotation\Student.class], file [D:\spring-study\target\classes\com\spring\annotation\StudentApp.class]]
2019-03-01 22:18:35 DEBUG ClassPathBeanDefinitionScanner:437 - Identified candidate component class: file [D:\spring-study\target\classes\com\spring\annotation\Hello.class]
2019-03-01 22:18:35 DEBUG ClassPathBeanDefinitionScanner:437 - Identified candidate component class: file [D:\spring-study\target\classes\com\spring\annotation\Phone.class]
2019-03-01 22:18:35 DEBUG ClassPathBeanDefinitionScanner:437 - Identified candidate component class: file [D:\spring-study\target\classes\com\spring\annotation\Student.class]
2019-03-01 22:18:35 DEBUG DefaultListableBeanFactory:213 - Creating shared instance of singleton bean 'org.springframework.context.annotation.internalAutowiredAnnotationProcessor'
2019-03-01 22:18:35 DEBUG DefaultListableBeanFactory:460 - Creating instance of bean 'org.springframework.context.annotation.internalAutowiredAnnotationProcessor'
2019-03-01 22:18:35 DEBUG DefaultListableBeanFactory:563 - Eagerly caching bean 'org.springframework.context.annotation.internalAutowiredAnnotationProcessor' to allow for resolving potential circular references
2019-03-01 22:18:35 DEBUG DefaultListableBeanFactory:497 - Finished creating instance of bean 'org.springframework.context.annotation.internalAutowiredAnnotationProcessor'
2019-03-01 22:18:35 DEBUG DefaultListableBeanFactory:213 - Creating shared instance of singleton bean 'org.springframework.context.annotation.internalRequiredAnnotationProcessor'
2019-03-01 22:18:35 DEBUG DefaultListableBeanFactory:460 - Creating instance of bean 'org.springframework.context.annotation.internalRequiredAnnotationProcessor'
2019-03-01 22:18:35 DEBUG DefaultListableBeanFactory:563 - Eagerly caching bean 'org.springframework.context.annotation.internalRequiredAnnotationProcessor' to allow for resolving potential circular references
2019-03-01 22:18:35 DEBUG DefaultListableBeanFactory:497 - Finished creating instance of bean 'org.springframework.context.annotation.internalRequiredAnnotationProcessor'
2019-03-01 22:18:35 DEBUG AnnotationConfigApplicationContext:739 - Unable to locate MessageSource with name 'messageSource': using default [org.springframework.context.support.DelegatingMessageSource@5562c41e]
2019-03-01 22:18:35 DEBUG AnnotationConfigApplicationContext:763 - Unable to locate ApplicationEventMulticaster with name 'applicationEventMulticaster': using default [org.springframework.context.event.SimpleApplicationEventMulticaster@2b91004a]
2019-03-01 22:18:35 DEBUG DefaultListableBeanFactory:728 - Pre-instantiating singletons in org.springframework.beans.factory.support.DefaultListableBeanFactory@7fa98a66: defining beans [org.springframework.context.annotation.internalConfigurationAnnotationProcessor,org.springframework.context.annotation.internalAutowiredAnnotationProcessor,org.springframework.context.annotation.internalRequiredAnnotationProcessor,org.springframework.context.event.internalEventListenerProcessor,org.springframework.context.event.internalEventListenerFactory,studentApp,hello,phone,student]; root of factory hierarchy
2019-03-01 22:18:35 DEBUG DefaultListableBeanFactory:254 - Returning cached instance of singleton bean 'org.springframework.context.annotation.internalConfigurationAnnotationProcessor'
2019-03-01 22:18:35 DEBUG DefaultListableBeanFactory:254 - Returning cached instance of singleton bean 'org.springframework.context.annotation.internalAutowiredAnnotationProcessor'
2019-03-01 22:18:35 DEBUG DefaultListableBeanFactory:254 - Returning cached instance of singleton bean 'org.springframework.context.annotation.internalRequiredAnnotationProcessor'
2019-03-01 22:18:35 DEBUG DefaultListableBeanFactory:213 - Creating shared instance of singleton bean 'org.springframework.context.event.internalEventListenerProcessor'
2019-03-01 22:18:35 DEBUG DefaultListableBeanFactory:460 - Creating instance of bean 'org.springframework.context.event.internalEventListenerProcessor'
2019-03-01 22:18:35 DEBUG DefaultListableBeanFactory:563 - Eagerly caching bean 'org.springframework.context.event.internalEventListenerProcessor' to allow for resolving potential circular references
2019-03-01 22:18:35 DEBUG DefaultListableBeanFactory:497 - Finished creating instance of bean 'org.springframework.context.event.internalEventListenerProcessor'
2019-03-01 22:18:35 DEBUG DefaultListableBeanFactory:213 - Creating shared instance of singleton bean 'org.springframework.context.event.internalEventListenerFactory'
2019-03-01 22:18:35 DEBUG DefaultListableBeanFactory:460 - Creating instance of bean 'org.springframework.context.event.internalEventListenerFactory'
2019-03-01 22:18:35 DEBUG DefaultListableBeanFactory:563 - Eagerly caching bean 'org.springframework.context.event.internalEventListenerFactory' to allow for resolving potential circular references
2019-03-01 22:18:35 DEBUG DefaultListableBeanFactory:497 - Finished creating instance of bean 'org.springframework.context.event.internalEventListenerFactory'
2019-03-01 22:18:35 DEBUG DefaultListableBeanFactory:213 - Creating shared instance of singleton bean 'studentApp'
2019-03-01 22:18:35 DEBUG DefaultListableBeanFactory:460 - Creating instance of bean 'studentApp'
2019-03-01 22:18:35 DEBUG DefaultListableBeanFactory:563 - Eagerly caching bean 'studentApp' to allow for resolving potential circular references
2019-03-01 22:18:35 DEBUG DefaultListableBeanFactory:497 - Finished creating instance of bean 'studentApp'
2019-03-01 22:18:35 DEBUG DefaultListableBeanFactory:213 - Creating shared instance of singleton bean 'hello'
2019-03-01 22:18:35 DEBUG DefaultListableBeanFactory:460 - Creating instance of bean 'hello'
2019-03-01 22:18:35 DEBUG DefaultListableBeanFactory:563 - Eagerly caching bean 'hello' to allow for resolving potential circular references
2019-03-01 22:18:35 DEBUG DefaultListableBeanFactory:497 - Finished creating instance of bean 'hello'
2019-03-01 22:18:35 DEBUG DefaultListableBeanFactory:213 - Creating shared instance of singleton bean 'phone'
2019-03-01 22:18:35 DEBUG DefaultListableBeanFactory:460 - Creating instance of bean 'phone'
2019-03-01 22:18:35 DEBUG InjectionMetadata:74 - Registered injected element on class [com.spring.annotation.Phone]: AutowiredFieldElement for private java.lang.String com.spring.annotation.Phone.brand
2019-03-01 22:18:35 DEBUG InjectionMetadata:74 - Registered injected element on class [com.spring.annotation.Phone]: AutowiredFieldElement for private double com.spring.annotation.Phone.price
2019-03-01 22:18:35 DEBUG DefaultListableBeanFactory:563 - Eagerly caching bean 'phone' to allow for resolving potential circular references
2019-03-01 22:18:35 DEBUG InjectionMetadata:88 - Processing injected element of bean 'phone': AutowiredFieldElement for private java.lang.String com.spring.annotation.Phone.brand
2019-03-01 22:18:35 DEBUG InjectionMetadata:88 - Processing injected element of bean 'phone': AutowiredFieldElement for private double com.spring.annotation.Phone.price
2019-03-01 22:18:35 DEBUG DefaultListableBeanFactory:497 - Finished creating instance of bean 'phone'
2019-03-01 22:18:35 DEBUG DefaultListableBeanFactory:213 - Creating shared instance of singleton bean 'student'
2019-03-01 22:18:35 DEBUG DefaultListableBeanFactory:460 - Creating instance of bean 'student'
2019-03-01 22:18:35 DEBUG InjectionMetadata:74 - Registered injected element on class [com.spring.annotation.Student]: AutowiredFieldElement for private java.lang.String com.spring.annotation.Student.name
2019-03-01 22:18:35 DEBUG InjectionMetadata:74 - Registered injected element on class [com.spring.annotation.Student]: AutowiredFieldElement for private int com.spring.annotation.Student.age
2019-03-01 22:18:35 DEBUG InjectionMetadata:74 - Registered injected element on class [com.spring.annotation.Student]: AutowiredFieldElement for private com.spring.annotation.Phone com.spring.annotation.Student.phone
2019-03-01 22:18:35 DEBUG DefaultListableBeanFactory:563 - Eagerly caching bean 'student' to allow for resolving potential circular references
2019-03-01 22:18:35 DEBUG InjectionMetadata:88 - Processing injected element of bean 'student': AutowiredFieldElement for private java.lang.String com.spring.annotation.Student.name
2019-03-01 22:18:35 DEBUG InjectionMetadata:88 - Processing injected element of bean 'student': AutowiredFieldElement for private int com.spring.annotation.Student.age
2019-03-01 22:18:35 DEBUG InjectionMetadata:88 - Processing injected element of bean 'student': AutowiredFieldElement for private com.spring.annotation.Phone com.spring.annotation.Student.phone
2019-03-01 22:18:35 DEBUG DefaultListableBeanFactory:254 - Returning cached instance of singleton bean 'phone'
2019-03-01 22:18:35 DEBUG AutowiredAnnotationBeanPostProcessor:527 - Autowiring by type from bean name 'student' to bean named 'phone'
2019-03-01 22:18:35 DEBUG DefaultListableBeanFactory:497 - Finished creating instance of bean 'student'
2019-03-01 22:18:35 DEBUG DefaultListableBeanFactory:254 - Returning cached instance of singleton bean 'org.springframework.context.event.internalEventListenerFactory'
2019-03-01 22:18:35 DEBUG AnnotationConfigApplicationContext:790 - Unable to locate LifecycleProcessor with name 'lifecycleProcessor': using default [org.springframework.context.support.DefaultLifecycleProcessor@1c5920df]
2019-03-01 22:18:35 DEBUG DefaultListableBeanFactory:254 - Returning cached instance of singleton bean 'lifecycleProcessor'
2019-03-01 22:18:35 DEBUG PropertySourcesPropertyResolver:96 - Could not find key 'spring.liveBeansView.mbeanDomain' in any property source
2019-03-01 22:18:35 DEBUG DefaultListableBeanFactory:254 - Returning cached instance of singleton bean 'student'
